SDKLibrary/build/outputs/logs/manifest-merger-debug-report.txt
-- Merging decision tree log ---
manifest
ADDED from src\main\AndroidManifest.xml:18:1-32:12
INJECTED from src\main\AndroidManifest.xml:18:1-32:12
INJECTED from src\main\AndroidManifest.xml:18:1-32:12
	package
		ADDED from src\main\AndroidManifest.xml:19:7-31
		INJECTED from src\main\AndroidManifest.xml
		INJECTED from src\main\AndroidManifest.xml
	xmlns:android
		ADDED from src\main\AndroidManifest.xml:18:11-69
uses-sdk
ADDED from src\main\AndroidManifest.xml:21:5-47
INJECTED from src\main\AndroidManifest.xml:21:5-47
INJECTED from src\main\AndroidManifest.xml:21:5-47
INJECTED from src\main\AndroidManifest.xml:21:5-47
INJECTED from src\main\AndroidManifest.xml:21:5-47
	android:targetSdkVersion
		ADDED from src\main\AndroidManifest.xml:21:15-44
		INJECTED from src\main\AndroidManifest.xml
		INJECTED from src\main\AndroidManifest.xml
	android:minSdkVersion
		INJECTED from src\main\AndroidManifest.xml
		ADDED from src\main\AndroidManifest.xml:21:5-47
		INJECTED from src\main\AndroidManifest.xml
uses-permission#android.permission.CAMERA
ADDED from src\main\AndroidManifest.xml:23:5-65
	android:name
		ADDED from src\main\AndroidManifest.xml:23:22-62
uses-feature#android.hardware.camera
ADDED from src\main\AndroidManifest.xml:25:5-60
	android:name
		ADDED from src\main\AndroidManifest.xml:25:19-57
uses-feature#android.hardware.camera.autofocus
ADDED from src\main\AndroidManifest.xml:26:5-70
	android:name
		ADDED from src\main\AndroidManifest.xml:26:19-67
application
ADDED from src\main\AndroidManifest.xml:27:5-31:19
	android:label
		ADDED from src\main\AndroidManifest.xml:29:9-41
	android:allowBackup
		ADDED from src\main\AndroidManifest.xml:28:9-35
	android:theme
		ADDED from src\main\AndroidManifest.xml:30:9-40